Array
(
    [total_amount] => 137
    [currency] => BDT
    [tran_id] => 6139e950b41fb
    [cus_name] => Morshed
    [cus_email] => dolardx@gmail.com
    [cus_add1] => Dhaka
    [cus_add2] => 
    [cus_city] => 
    [cus_state] => 
    [cus_postcode] => 
    [cus_country] => Bangladesh
    [cus_phone] => 01771882876
    [cus_fax] => 
    [ship_name] => Store Test
    [ship_add1] => Dhaka
    [ship_add2] => Dhaka
    [ship_city] => Dhaka
    [ship_state] => Dhaka
    [ship_postcode] => 1200
    [ship_phone] => 
    [ship_country] => Bangladesh
    [shipping_method] => NO
    [product_name] => Goods
    [product_category] => Goods
    [product_profile] => physical-goods
    [value_a] => 2
    [value_b] => 198
    [value_c] => NEX0909214968
    [value_d] => bdecommercedirectory.com
)
Array
(
    [total_amount] => 137
    [currency] => BDT
    [tran_id] => 6139e95a04f2b
    [cus_name] => Morshed
    [cus_email] => dolardx@gmail.com
    [cus_add1] => Dhaka
    [cus_add2] => 
    [cus_city] => 
    [cus_state] => 
    [cus_postcode] => 
    [cus_country] => Bangladesh
    [cus_phone] => 01771882876
    [cus_fax] => 
    [ship_name] => Store Test
    [ship_add1] => Dhaka
    [ship_add2] => Dhaka
    [ship_city] => Dhaka
    [ship_state] => Dhaka
    [ship_postcode] => 1200
    [ship_phone] => 
    [ship_country] => Bangladesh
    [shipping_method] => NO
    [product_name] => Goods
    [product_category] => Goods
    [product_profile] => physical-goods
    [value_a] => 3
    [value_b] => 198
    [value_c] => NEX0909216706
    [value_d] => bdecommercedirectory.com
)
Array
(
    [total_amount] => 137
    [currency] => BDT
    [tran_id] => 6139ea85ee70e
    [cus_name] => Morshed
    [cus_email] => dolardx@gmail.com
    [cus_add1] => Dhaka
    [cus_add2] => 
    [cus_city] => 
    [cus_state] => 
    [cus_postcode] => 
    [cus_country] => Bangladesh
    [cus_phone] => 01771882876
    [cus_fax] => 
    [ship_name] => Store Test
    [ship_add1] => Dhaka
    [ship_add2] => Dhaka
    [ship_city] => Dhaka
    [ship_state] => Dhaka
    [ship_postcode] => 1200
    [ship_phone] => 
    [ship_country] => Bangladesh
    [shipping_method] => NO
    [product_name] => Goods
    [product_category] => Goods
    [product_profile] => physical-goods
    [value_a] => 4
    [value_b] => 198
    [value_c] => NEX0909218205
    [value_d] => bdecommercedirectory.com
)
